  [1m[36m (130.5ms)[0m  [1mCREATE TABLE "schema_migrations" ("version" varchar NOT NULL) [0m
  [1m[35m (0.2ms)[0m  select sqlite_version(*)
  [1m[36m (110.2ms)[0m  [1mCREATE UNIQUE INDEX "unique_schema_migrations" ON "schema_migrations" ("version")[0m
  [1m[35mActiveRecord::SchemaMigration Load (0.3ms)[0m  SELECT "schema_migrations".* FROM "schema_migrations"
Migrating to DeviseCreateUsers (20160215013350)
  [1m[36m (0.3ms)[0m  [1mbegin transaction[0m
  [1m[35m (1.0ms)[0m  CREATE TABLE "users" ("id" INTEGER PRIMARY KEY AUTOINCREMENT NOT NULL, "email" varchar DEFAULT '' NOT NULL, "encrypted_password" varchar DEFAULT '' NOT NULL, "reset_password_token" varchar, "reset_password_sent_at" datetime, "remember_created_at" datetime, "sign_in_count" integer DEFAULT 0 NOT NULL, "current_sign_in_at" datetime, "last_sign_in_at" datetime, "current_sign_in_ip" varchar, "last_sign_in_ip" varchar, "created_at" datetime NOT NULL, "updated_at" datetime NOT NULL) 
  [1m[36m (0.6ms)[0m  [1mCREATE UNIQUE INDEX "index_users_on_email" ON "users" ("email")[0m
  [1m[35m (0.3ms)[0m              SELECT sql
            FROM sqlite_master
            WHERE name='index_users_on_email' AND type='index'
            UNION ALL
            SELECT sql
            FROM sqlite_temp_master
            WHERE name='index_users_on_email' AND type='index'

  [1m[36m (0.4ms)[0m  [1mCREATE UNIQUE INDEX "index_users_on_reset_password_token" ON "users" ("reset_password_token")[0m
  [1m[35mSQL (0.3ms)[0m  INSERT INTO "schema_migrations" ("version") VALUES (?)  [["version", "20160215013350"]]
  [1m[36m (114.5ms)[0m  [1mcommit transaction[0m
Migrating to RolifyCreateRoles (20160215013416)
  [1m[35m (0.2ms)[0m  begin transaction
DEPRECATION WARNING: `#timestamps` was called without specifying an option for `null`. In Rails 5, this behavior will change to `null: false`. You should manually specify `null: true` to prevent the behavior of your existing migrations from changing. (called from block in change at /home/gabriel/GitHub/GaleriaStudio/db/migrate/20160215013416_rolify_create_roles.rb:7)
  [1m[36m (0.7ms)[0m  [1mCREATE TABLE "roles" ("id" INTEGER PRIMARY KEY AUTOINCREMENT NOT NULL, "name" varchar, "resource_id" integer, "resource_type" varchar, "created_at" datetime, "updated_at" datetime) [0m
  [1m[35m (0.4ms)[0m  CREATE TABLE "users_roles" ("user_id" integer, "role_id" integer) 
  [1m[36m (0.3ms)[0m  [1mCREATE  INDEX "index_roles_on_name" ON "roles" ("name")[0m
  [1m[35m (0.2ms)[0m              SELECT sql
            FROM sqlite_master
            WHERE name='index_roles_on_name' AND type='index'
            UNION ALL
            SELECT sql
            FROM sqlite_temp_master
            WHERE name='index_roles_on_name' AND type='index'

  [1m[36m (0.4ms)[0m  [1mCREATE  INDEX "index_roles_on_name_and_resource_type_and_resource_id" ON "roles" ("name", "resource_type", "resource_id")[0m
  [1m[35m (0.4ms)[0m  CREATE  INDEX "index_users_roles_on_user_id_and_role_id" ON "users_roles" ("user_id", "role_id")
  [1m[36mSQL (0.3ms)[0m  [1mINSERT INTO "schema_migrations" ("version") VALUES (?)[0m  [["version", "20160215013416"]]
  [1m[35m (109.6ms)[0m  commit transaction
  [1m[36mActiveRecord::SchemaMigration Load (0.3ms)[0m  [1mSELECT "schema_migrations".* FROM "schema_migrations"[0m
  [1m[35m (0.3ms)[0m              SELECT sql
            FROM sqlite_master
            WHERE name='index_roles_on_name_and_resource_type_and_resource_id' AND type='index'
            UNION ALL
            SELECT sql
            FROM sqlite_temp_master
            WHERE name='index_roles_on_name_and_resource_type_and_resource_id' AND type='index'

  [1m[36m (0.2ms)[0m  [1m            SELECT sql
            FROM sqlite_master
            WHERE name='index_roles_on_name' AND type='index'
            UNION ALL
            SELECT sql
            FROM sqlite_temp_master
            WHERE name='index_roles_on_name' AND type='index'
[0m
  [1m[35m (1.1ms)[0m              SELECT sql
            FROM sqlite_master
            WHERE name='index_users_on_reset_password_token' AND type='index'
            UNION ALL
            SELECT sql
            FROM sqlite_temp_master
            WHERE name='index_users_on_reset_password_token' AND type='index'

  [1m[36m (0.3ms)[0m  [1m            SELECT sql
            FROM sqlite_master
            WHERE name='index_users_on_email' AND type='index'
            UNION ALL
            SELECT sql
            FROM sqlite_temp_master
            WHERE name='index_users_on_email' AND type='index'
[0m
  [1m[35m (0.2ms)[0m              SELECT sql
            FROM sqlite_master
            WHERE name='index_users_roles_on_user_id_and_role_id' AND type='index'
            UNION ALL
            SELECT sql
            FROM sqlite_temp_master
            WHERE name='index_users_roles_on_user_id_and_role_id' AND type='index'

  [1m[36m (0.2ms)[0m  [1mbegin transaction[0m
  [1m[35mUser Exists (0.3ms)[0m  SELECT  1 AS one FROM "users" WHERE "users"."email" = 'email@email.com' LIMIT 1
  [1m[36mSQL (0.6ms)[0m  [1mINSERT INTO "users" ("email", "encrypted_password", "created_at", "updated_at") VALUES (?, ?, ?, ?)[0m  [["email", "email@email.com"], ["encrypted_password", "$2a$10$.n8PBJHBFDsfcMfb6VczlO9lj4QDYkLwUsDsgjgGDmFaWE1/crsmS"], ["created_at", "2016-02-15 02:15:18.120389"], ["updated_at", "2016-02-15 02:15:18.120389"]]
  [1m[35m (143.7ms)[0m  commit transaction
  [1m[36mRole Load (0.3ms)[0m  [1mSELECT  "roles".* FROM "roles" WHERE "roles"."name" = ? AND "roles"."resource_type" IS NULL AND "roles"."resource_id" IS NULL  ORDER BY "roles"."id" ASC LIMIT 1[0m  [["name", "admin"]]
  [1m[35m (0.1ms)[0m  begin transaction
  [1m[36mSQL (0.2ms)[0m  [1mINSERT INTO "roles" ("name", "created_at", "updated_at") VALUES (?, ?, ?)[0m  [["name", "admin"], ["created_at", "2016-02-15 02:15:27.245632"], ["updated_at", "2016-02-15 02:15:27.245632"]]
  [1m[35m (119.6ms)[0m  commit transaction
  [1m[36mRole Exists (0.2ms)[0m  [1mSELECT  1 AS one FROM "roles" INNER JOIN "users_roles" ON "roles"."id" = "users_roles"."role_id" WHERE "users_roles"."user_id" = ? AND "roles"."id" = ? LIMIT 1[0m  [["user_id", 1], ["id", 1]]
  [1m[35m (0.2ms)[0m  SELECT "roles".id FROM "roles" INNER JOIN "users_roles" ON "roles"."id" = "users_roles"."role_id" WHERE "users_roles"."user_id" = ?  [["user_id", 1]]
  [1m[36mRole Load (0.1ms)[0m  [1mSELECT  "roles".* FROM "roles" WHERE "roles"."id" = ? LIMIT 1[0m  [["id", 1]]
  [1m[35mRole Load (0.2ms)[0m  SELECT "roles".* FROM "roles" INNER JOIN "users_roles" ON "roles"."id" = "users_roles"."role_id" WHERE "users_roles"."user_id" = ?  [["user_id", 1]]
  [1m[36m (0.1ms)[0m  [1mbegin transaction[0m
  [1m[35mSQL (0.2ms)[0m  INSERT INTO "users_roles" ("user_id", "role_id") VALUES (?, ?)  [["user_id", 1], ["role_id", 1]]
  [1m[36m (107.0ms)[0m  [1mcommit transaction[0m
  [1m[36m (0.2ms)[0m  [1mbegin transaction[0m
  [1m[35mUser Exists (0.3ms)[0m  SELECT  1 AS one FROM "users" WHERE "users"."email" = 'email@email.com' LIMIT 1
  [1m[36m (0.1ms)[0m  [1mrollback transaction[0m
  [1m[35mRole Load (0.5ms)[0m  SELECT  "roles".* FROM "roles" WHERE "roles"."name" = ? AND "roles"."resource_type" IS NULL AND "roles"."resource_id" IS NULL  ORDER BY "roles"."id" ASC LIMIT 1  [["name", "admin"]]
  [1m[36mRole Load (0.3ms)[0m  [1mSELECT  "roles".* FROM "roles" WHERE "roles"."id" = ? LIMIT 1[0m  [["id", 1]]
